"../../../Engine/Content/Animation/DefaultAnimCurveCompressionSettings.uasset" 0
"../../../Engine/Content/Functions/Engine_MaterialFunctions01/Opacity/CameraDepthFade.uasset" 1
"../../../Engine/Content/EngineMaterials/T_Default_Material_Grid_M.uasset" 2
"../../../Engine/Content/EngineMaterials/T_Default_Material_Grid_N.uasset" 3
"../../../Engine/Content/EngineMaterials/WorldGridMaterial.uasset" 4
"../../../Engine/Content/ArtTools/RenderToTexture/Meshes/S_1_Unit_Plane.uasset" 5
"../../../Engine/Content/EngineMaterials/DefaultMaterial.uasset" 6
"../../../Engine/Content/BasicShapes/Cone.uasset" 7
"../../../Engine/Content/BasicShapes/Cube.uasset" 8
"../../../Engine/Content/BasicShapes/Cylinder.uasset" 9
"../../../Engine/Content/EditorLandscapeResources/DataLayer.uasset" 10
"../../../Engine/Content/EditorMaterials/GizmoMaterial.uasset" 11
"../../../Engine/Content/EditorMaterials/MAT_Groups_Toggle.uasset" 12
"../../../Engine/Content/EditorMaterials/MAT_Groups_Visibility.uasset" 13
"../../../Engine/Content/EditorMaterials/PreviewShadowIndicator.uasset" 14
"../../../Engine/Content/EditorMaterials/PreviewShadowIndicatorMaterial.uasset" 15
"../../../Engine/Content/EditorMaterials/MatineeGroups/MAT_ColorTrack.uasset" 16
"../../../Engine/Content/EditorMaterials/MatineeGroups/MAT_Groups_Anim.uasset" 17
"../../../Engine/Content/EditorMaterials/MatineeGroups/MAT_Groups_AudioMaster.uasset" 18
"../../../Engine/Content/EditorMaterials/MatineeGroups/MAT_Groups_Director.uasset" 19
"../../../Engine/Content/EditorMaterials/MatineeGroups/MAT_Groups_Event.uasset" 20
"../../../Engine/Content/EditorMaterials/MatineeGroups/MAT_Groups_Fade.uasset" 21
"../../../Engine/Content/EditorMaterials/MatineeGroups/MAT_Groups_Float.uasset" 22
"../../../Engine/Content/EditorMaterials/MatineeGroups/MAT_Groups_Move.uasset" 23
"../../../Engine/Content/EditorMaterials/MatineeGroups/MAT_Groups_Slomo.uasset" 24
"../../../Engine/Content/EditorMaterials/MatineeGroups/MAT_Groups_Sound.uasset" 25
"../../../Engine/Content/EditorMaterials/MatineeGroups/MAT_Groups_Vector.uasset" 26
"../../../Engine/Content/EditorMaterials/ParticleSystems/PSysThumbnail_NoImage.uasset" 27
"../../../Engine/Content/EditorMaterials/ParticleSystems/PSysThumbnail_OOD.uasset" 28
"../../../Engine/Content/EditorMaterials/Camera/CineMat.uasset" 29
"../../../Engine/Content/EditorMaterials/Camera/MI_CineMat_Rig.uasset" 30
"../../../Engine/Content/EditorMeshes/Camera/SM_CraneRig_Arm.uasset" 31
"../../../Engine/Content/EditorMeshes/Camera/SM_CraneRig_Base.uasset" 32
"../../../Engine/Content/EditorMeshes/Camera/SM_CraneRig_Body.uasset" 33
"../../../Engine/Content/EditorMeshes/Camera/SM_CraneRig_Mount.uasset" 34
"../../../Engine/Content/EditorMeshes/Camera/SM_RailRig_Mount.uasset" 35
"../../../Engine/Content/EditorMeshes/Camera/SM_RailRig_Track.uasset" 36
"../../../Engine/Content/EditorResources/BSPVertex.uasset" 37
"../../../Engine/Content/EditorResources/EmptyActor.uasset" 38
"../../../Engine/Content/EditorResources/S_Actor.uasset" 39
"../../../Engine/Content/EditorResources/S_Note.uasset" 40
"../../../Engine/Content/EditorResources/S_Solver.uasset" 41
"../../../Engine/Content/EditorResources/S_Trigger.uasset" 42
"../../../Engine/Content/EditorResources/AudioIcons/S_AudioComponent_AutoActivate.uasset" 43
"../../../Engine/Content/EditorResources/LightIcons/S_LightError.uasset" 44
"../../../Engine/Content/EditorResources/SequenceRecorder/Countdown.uasset" 45
"../../../Engine/Content/EditorResources/SequenceRecorder/RecordingIndicator.uasset" 46
"../../../Engine/Content/EditorSounds/Notifications/CompileFailed.uasset" 47
"../../../Engine/Content/EditorSounds/Notifications/CompileFailed_Cue.uasset" 48
"../../../Engine/Content/EditorSounds/Notifications/CompileSuccess.uasset" 49
"../../../Engine/Content/EditorSounds/Notifications/CompileStart_Cue.uasset" 50
"../../../Engine/Content/EditorSounds/Notifications/CompileSuccess_Cue.uasset" 51
"../../../Engine/Content/EngineDamageTypes/DmgTypeBP_Environmental.uasset" 52
"../../../Engine/Content/EngineDebugMaterials/HeatmapGradient.uasset" 53
"../../../Engine/Content/EngineDebugMaterials/BoneWeightMaterial.uasset" 54
"../../../Engine/Content/EngineDebugMaterials/ClothMaterial.uasset" 55
"../../../Engine/Content/EngineDebugMaterials/ClothMaterial_WF.uasset" 56
"../../../Engine/Content/EngineDebugMaterials/DebugEditorMaterial.uasset" 57
"../../../Engine/Content/EngineDebugMaterials/DebugMeshMaterial.uasset" 58
"../../../Engine/Content/EngineDebugMaterials/GeomMaterial.uasset" 59
"../../../Engine/Content/EngineDebugMaterials/M_SimpleTranslucent.uasset" 60
"../../../Engine/Content/Functions/Engine_MaterialFunctions02/Utility/CameraDirectionVector.uasset" 61
"../../../Engine/Content/EngineDebugMaterials/VolumeToRender.uasset" 62
"../../../Engine/Content/EngineDebugMaterials/M_VolumeRenderSphereTracePP.uasset" 63
"../../../Engine/Content/EngineDebugMaterials/WireframeMaterial.uasset" 64
"../../../Engine/Content/EngineFonts/Faces/RobotoBold.uasset" 65
"../../../Engine/Content/EngineFonts/Faces/RobotoBoldItalic.uasset" 66
"../../../Engine/Content/EngineFonts/Faces/RobotoItalic.uasset" 67
"../../../Engine/Content/EngineFonts/Faces/RobotoLight.uasset" 68
"../../../Engine/Content/EngineFonts/Faces/RobotoRegular.uasset" 69
"../../../Engine/Content/EngineFonts/Roboto.uasset" 70
"../../../Engine/Content/EngineMaterials/BaseFlattenDiffuseMap.uasset" 71
"../../../Engine/Content/EngineMaterials/BaseFlattenEmissiveMap.uasset" 72
"../../../Engine/Content/EngineMaterials/BaseFlattenGrayscaleMap.uasset" 73
"../../../Engine/Content/EngineMaterials/BaseFlattenNormalMap.uasset" 74
"../../../Engine/Content/EngineMaterials/BaseFlattenMaterial.uasset" 75
"../../../Engine/Content/EngineMaterials/BlueNoise.uasset" 76
"../../../Engine/Content/EngineMaterials/DefaultBloomKernel.uasset" 77
"../../../Engine/Content/EngineMaterials/DefaultBokeh.uasset" 78
"../../../Engine/Content/EngineMaterials/DefaultDiffuse.uasset" 79
"../../../Engine/Content/EngineMaterials/DefaultDeferredDecalMaterial.uasset" 80
"../../../Engine/Content/EngineMaterials/DefaultLightFunctionMaterial.uasset" 81
"../../../Engine/Content/EngineMaterials/DefaultPhysicalMaterial.uasset" 82
"../../../Engine/Content/Functions/Engine_MaterialFunctions02/Utility/BreakOutFloat2Components.uasset" 83
"../../../Engine/Content/EngineMaterials/DefaultPostProcessMaterial.uasset" 84
"../../../Engine/Content/EngineFonts/RobotoDistanceField.uasset" 85
"../../../Engine/Content/EngineMaterials/DefaultTextMaterialOpaque.uasset" 86
"../../../Engine/Content/EngineMaterials/DefaultVirtualTextureMaterial.uasset" 87
"../../../Engine/Content/EngineMaterials/DefaultWhiteGrid.uasset" 88
"../../../Engine/Content/EngineMaterials/EditorBrushMaterial.uasset" 89
"../../../Engine/Content/EngineMaterials/DefaultWhiteGrid_Low.uasset" 90
"../../../Engine/Content/EngineMaterials/EmissiveMeshMaterial.uasset" 91
"../../../Engine/Content/EngineMaterials/Good64x64TilingNoiseHighFreq.uasset" 92
"../../../Engine/Content/EngineMaterials/MiniFont.uasset" 93
"../../../Engine/Content/EngineMaterials/InvalidLightmapSettings.uasset" 94
"../../../Engine/Content/EngineMaterials/M_InvalidLightmapSettings.uasset" 95
"../../../Engine/Content/Functions/Engine_MaterialFunctions02/WorldPositionOffset/CameraOffset.uasset" 96
"../../../Engine/Content/EngineMaterials/PhAT_JointLimitMaterial.uasset" 97
"../../../Engine/Content/EngineMaterials/PreintegratedSkinBRDF.uasset" 98
"../../../Engine/Content/EngineMaterials/RemoveSurfaceMaterial.uasset" 99
"../../../Engine/Content/EngineMaterials/WeightMapPlaceholderTexture.uasset" 100
"../../../Engine/Content/EngineResources/WhiteSquareTexture.uasset" 101
"../../../Engine/Content/EngineMaterials/Widget3DPassThrough.uasset" 102
"../../../Engine/Content/EngineMaterials/Widget3DPassThrough_Masked.uasset" 103
"../../../Engine/Content/EngineMaterials/Widget3DPassThrough_Opaque.uasset" 104
"../../../Engine/Content/EngineMaterials/Widget3DPassThrough_Masked_OneSided.uasset" 105
"../../../Engine/Content/EngineMaterials/Widget3DPassThrough_Opaque_OneSided.uasset" 106
"../../../Engine/Content/EngineMaterials/Widget3DPassThrough_Translucent.uasset" 107
"../../../Engine/Content/EngineMaterials/Widget3DPassThrough_Translucent_OneSided.uasset" 108
"../../../Engine/Content/EngineMeshes/Cylinder.uasset" 109
"../../../Engine/Content/EngineMeshes/Sphere.uasset" 110
"../../../Engine/Content/EngineResources/Black.uasset" 111
"../../../Engine/Content/EngineResources/DefaultTexture.uasset" 112
"../../../Engine/Content/EngineResources/DefaultTextureCube.uasset" 113
"../../../Engine/Content/EngineResources/DefaultVolumeTexture2D.uasset" 114
"../../../Engine/Content/EngineResources/DefaultVolumeTexture.uasset" 115
"../../../Engine/Content/EngineResources/GradientTexture0.uasset" 116
"../../../Engine/Content/EngineSounds/Master.uasset" 117
"../../../Engine/Content/Functions/Engine_MaterialFunctions01/Shading/ConvertFromDiffSpec.uasset" 118
"../../../Engine/Content/Functions/Engine_MaterialFunctions01/Shading/PowerToRoughness.uasset" 119
"../../../Engine/Content/Maps/Templates/Thumbnails/Default.uasset" 120
"../../../Engine/Content/Maps/Templates/Thumbnails/VR-Basic.uasset" 121
"../../../Engine/Content/MobileResources/T_MobileControls_texture.uasset" 122
"../../../Engine/Content/MobileResources/T_MobileMenu2.uasset" 123
"../../../Engine/Content/MobileResources/HUD/AnalogHat.uasset" 124
"../../../Engine/Content/MobileResources/HUD/VirtualJoystick_Background.uasset" 125
"../../../Engine/Content/MobileResources/HUD/VirtualJoystick_Thumb.uasset" 126
"../../../Engine/Content/MobileResources/HUD/DefaultVirtualJoysticks.uasset" 127
"../../../Engine/Content/MobileResources/HUD/LeftVirtualJoystickOnly.uasset" 128
"../../../Engine/Content/MobileResources/HUD/MobileHUDButton1_off.uasset" 129
"../../../Engine/Content/MobileResources/HUD/MobileHUDButton1_on.uasset" 130
"../../../Engine/Content/MobileResources/HUD/MobileHUDButton2_off.uasset" 131
"../../../Engine/Content/MobileResources/HUD/MobileHUDButton2_on.uasset" 132
"../../../Engine/Content/MobileResources/HUD/MobileHUDButton3.uasset" 133
"../../../Engine/Content/MobileResources/HUD/MobileHUDButtonFire.uasset" 134
"../../../Engine/Content/MobileResources/HUD/MobileHUDDirectionPad.uasset" 135
"../../../Engine/Content/MobileResources/HUD/MobileHUDDirectionPad2.uasset" 136
"../../../Engine/Content/MobileResources/HUD/MobileHUDDirectionPad3.uasset" 137
"../../../Engine/Content/MobileResources/HUD/MobileHUDDirectionStick.uasset" 138
"../../../Engine/Content/MobileResources/HUD/T_Castle_ThumbstickInner.uasset" 139
"../../../Engine/Content/MobileResources/HUD/T_Castle_ThumbstickOutter.uasset" 140
"../../../Engine/Content/Tutorial/ContentIntroCurve.uasset" 141
"../../../Engine/Content/Tutorial/Basics/LevelEditorAttract.uasset" 142
"../../../Engine/Content/VREditor/LaserPointer/VR_LaserPower_01.uasset" 143
"../../../Engine/Content/VREditor/TransformGizmo/TransformGizmoMaterial.uasset" 144
"../../../Engine/Content/VREditor/TransformGizmo/TranslucentTransformGizmoMaterial.uasset" 145
"../../../Engine/Content/VREditor/TransformGizmo/BoundingBoxCorner.uasset" 146
"../../../Engine/Content/VREditor/TransformGizmo/BoundingBoxEdge.uasset" 147
"../../../Engine/Content/VREditor/TransformGizmo/PlaneTranslationHandle.uasset" 148
"../../../Engine/Content/VREditor/TransformGizmo/Main.uasset" 149
"../../../Engine/Content/VREditor/TransformGizmo/Xray.uasset" 150
"../../../Engine/Content/VREditor/TransformGizmo/SM_Sequencer_Key.uasset" 151
"../../../Engine/Content/VREditor/TransformGizmo/SM_Sequencer_Node.uasset" 152
"../../Plugins/2D/Paper2D/Content/PlaceholderTextures/DummySpriteTexture.uasset" 153
"../../Plugins/2D/Paper2D/Content/DummySprite.uasset" 154
"../../Plugins/2D/Paper2D/Content/DefaultPaperTerrainMaterial.uasset" 155
"../../Plugins/2D/Paper2D/Content/DummySpriteTexture.uasset" 156
"../../Plugins/2D/Paper2D/Content/DefaultSpriteMaterial.uasset" 157
"../../Plugins/2D/Paper2D/Content/MaskedUnlitSpriteMaterial.uasset" 158
"../../Plugins/2D/Paper2D/Content/OpaqueUnlitSpriteMaterial.uasset" 159
"../../Plugins/Runtime/Oculus/OculusVR/Content/OculusMR_RenderTarget.uasset" 160
"../../../Engine/Content/Functions/Engine_MaterialFunctions02/Utility/BreakOutFloat4Components.uasset" 161
"../../../Engine/Content/Functions/Engine_MaterialFunctions02/Utility/MakeFloat2.uasset" 162
"../../../Engine/Content/Functions/Engine_MaterialFunctions02/Utility/MakeFloat3.uasset" 163
"../../Plugins/Runtime/Oculus/OculusVR/Content/Materials/OculusMR_ChromaKey.uasset" 164
"../../Plugins/Runtime/Oculus/OculusVR/Content/Materials/OculusMR_ChromaKey_Lit.uasset" 165
"../../Plugins/Runtime/Oculus/OculusVR/Content/Materials/OculusMR_OpaqueColoredMaterial.uasset" 166
"../../Plugins/Runtime/Oculus/OculusVR/Content/Materials/OculusMR_WhiteMaterial.uasset" 167
"../../../Engine/Content/EditorBlueprintResources/StandardMacros.uasset" 168
"D:/ProyectosUE4/VJ3D/Content/GoodSky/Source/Data/Curve/Curve_GoodSky_Stars.uasset" 169
"D:/ProyectosUE4/VJ3D/Content/GoodSky/Source/Data/Curve/Curve_GoodSky_SunLight.uasset" 170
"D:/ProyectosUE4/VJ3D/Content/GoodSky/Source/Data/Curve/Curve_GoodSky_AllOverlayColor.uasset" 171
"D:/ProyectosUE4/VJ3D/Content/GoodSky/Source/Data/Curve/Curve_GoodSky_BaseCloudColor.uasset" 172
"D:/ProyectosUE4/VJ3D/Content/GoodSky/Source/Data/Curve/Curve_GoodSky_DomeColor.uasset" 173
"D:/ProyectosUE4/VJ3D/Content/GoodSky/Source/Data/Curve/Curve_GoodSky_horizon_Color.uasset" 174
"D:/ProyectosUE4/VJ3D/Content/GoodSky/Source/Data/Curve/Curve_GoodSky_SunDirection_Vector.uasset" 175
"D:/ProyectosUE4/VJ3D/Content/GoodSky/Source/Data/Structure/Structure_GoodSky.uasset" 176
"D:/ProyectosUE4/VJ3D/Content/GoodSky/Source/Data/DataTable/DataTable_GoodSky.uasset" 177
"D:/ProyectosUE4/VJ3D/Content/GoodSky/Source/ArrowTool/T_GoodSky_SkyRing.uasset" 178
"D:/ProyectosUE4/VJ3D/Content/GoodSky/Source/ArrowTool/M_GoodSky_SkyRing_.uasset" 179
"D:/ProyectosUE4/VJ3D/Content/GoodSky/Source/ArrowTool/M_GoodSky_Sun_Emissive.uasset" 180
"../../../Engine/Content/Functions/Engine_MaterialFunctions01/Gradient/LinearGradient.uasset" 181
"D:/ProyectosUE4/VJ3D/Content/GoodSky/Source/Materials/Material_Function/MF_GoodSky_SkyDomeAlpha.uasset" 182
"D:/ProyectosUE4/VJ3D/Content/GoodSky/Source/Materials/Material_Function/MF_GoodSky_Time.uasset" 183
"D:/ProyectosUE4/VJ3D/Content/GoodSky/Source/Textures/T_GoodSky_clouds_A.uasset" 184
"D:/ProyectosUE4/VJ3D/Content/GoodSky/Source/Textures/T_GoodSky_clouds_B.uasset" 185
"D:/ProyectosUE4/VJ3D/Content/GoodSky/Source/Textures/T_GoodSky_clouds_F.uasset" 186
"D:/ProyectosUE4/VJ3D/Content/GoodSky/Source/Textures/T_GoodSky_clouds_sphere.uasset" 187
"D:/ProyectosUE4/VJ3D/Content/GoodSky/Source/Materials/M_GoodSky_Base.uasset" 188
"../../../Engine/Content/Functions/Engine_MaterialFunctions01/Density/ExponentialDensity.uasset" 189
"../../../Engine/Content/Functions/Engine_MaterialFunctions01/Gradient/RadialGradientExponential.uasset" 190
"../../../Engine/Content/Functions/Engine_MaterialFunctions01/Texturing/ScaleUVsAroundPoint.uasset" 191
"D:/ProyectosUE4/VJ3D/Content/GoodSky/Source/Textures/T_GoodSky_Moon.uasset" 192
"D:/ProyectosUE4/VJ3D/Content/GoodSky/Source/Materials/M_GoodSky_Moon.uasset" 193
"../../../Engine/Content/Functions/Engine_MaterialFunctions01/Texturing/ComputeMipLevel.uasset" 194
"../../../Engine/Content/Functions/Engine_MaterialFunctions01/Texturing/TextureCropping.uasset" 195
"../../../Engine/Content/Functions/Engine_MaterialFunctions02/Utility/BreakOutFloat3Components.uasset" 196
"../../../Engine/Content/Functions/Engine_MaterialFunctions02/ExampleContent/DebugNumberStrip.uasset" 197
"../../../Engine/Content/Functions/Engine_MaterialFunctions02/ExampleContent/Textures/DebugNumberPeriod.uasset" 198
"../../../Engine/Content/Functions/Engine_MaterialFunctions02/Utility/DebugScalarValues.uasset" 199
"../../../Engine/Content/Functions/Engine_MaterialFunctions02/Utility/DebugFloat3Values.uasset" 200
"../../../Engine/Content/Functions/Engine_MaterialFunctions02/Math/RGBtoHSV.uasset" 201
"../../../Engine/Content/Functions/Engine_MaterialFunctions02/Utility/DebugFloat4Values.uasset" 202
"D:/ProyectosUE4/VJ3D/Content/GoodSky/Source/Textures/T_GoodSky_noise_smooth.uasset" 203
"D:/ProyectosUE4/VJ3D/Content/GoodSky/Source/Materials/Material_Function/MF_GoodSky_LightningFlick.uasset" 204
"D:/ProyectosUE4/VJ3D/Content/GoodSky/Source/Textures/T_GoodSky_Lightning.uasset" 205
"D:/ProyectosUE4/VJ3D/Content/GoodSky/Source/Materials/M_GoodSky_Storm.uasset" 206
"D:/ProyectosUE4/VJ3D/Content/GoodSky/Source/Textures/T_GoodSky_Stars.uasset" 207
"D:/ProyectosUE4/VJ3D/Content/GoodSky/Source/Materials/M_GoodSky_Sun_Stars.uasset" 208
"../../../Engine/Content/BasicShapes/Plane.uasset" 209
"../../../Engine/Content/BasicShapes/Sphere.uasset" 210
"D:/ProyectosUE4/VJ3D/Content/GoodSky/Source/ArrowTool/SM_GoodSky_StarMesh.uasset" 211
"D:/ProyectosUE4/VJ3D/Content/GoodSky/Source/Data/Enum/Enum_GoodSky_Clouds_Coverage.uasset" 212
"D:/ProyectosUE4/VJ3D/Content/GoodSky/Source/Data/Enum/Enum_GoodSky_Effects.uasset" 213
"D:/ProyectosUE4/VJ3D/Content/GoodSky/Source/Data/Enum/Enum_GoodSky_MeshType.uasset" 214
"D:/ProyectosUE4/VJ3D/Content/GoodSky/Source/Data/Enum/Enum_GoodSky_Preset.uasset" 215
"D:/ProyectosUE4/VJ3D/Content/GoodSky/Source/Data/Enum/Enum_GoodSky_Style_Clouds.uasset" 216
"D:/ProyectosUE4/VJ3D/Content/GoodSky/Source/Mesh/SM_GoodSky_Hemisphere.uasset" 217
"D:/ProyectosUE4/VJ3D/Content/GoodSky/Source/Mesh/SM_GoodSky_Sphere.uasset" 218
"D:/ProyectosUE4/VJ3D/Content/GoodSky/Source/Textures/T_GoodSky_clouds_C.uasset" 219
"D:/ProyectosUE4/VJ3D/Content/GoodSky/Source/Textures/T_GoodSky_clouds_D.uasset" 220
"D:/ProyectosUE4/VJ3D/Content/GoodSky/Source/Textures/T_GoodSky_clouds_E.uasset" 221
"D:/ProyectosUE4/VJ3D/Content/GoodSky/Blueprint/BP_GoodSky.uasset" 222
"D:/ProyectosUE4/VJ3D/Content/Blueprints/GI_RunnerGame.uasset" 223
"D:/ProyectosUE4/VJ3D/Content/Blueprints/GameState_RunnerGame.uasset" 224
"D:/ProyectosUE4/VJ3D/Content/Blueprints/HUD/W_HUD.uasset" 225
"D:/ProyectosUE4/VJ3D/Content/Blueprints/HUD/RunnerHUD.uasset" 226
"D:/ProyectosUE4/VJ3D/Content/Blueprints/Player/PlayerBallController.uasset" 227
"D:/ProyectosUE4/VJ3D/Content/Music/Eurobeat_Remix_Bloody_Stream.uasset" 228
"D:/ProyectosUE4/VJ3D/Content/Music/Eurobeat_Remix_Bloody_Stream_Cue.uasset" 229
"D:/ProyectosUE4/VJ3D/Content/Music/Il_Vento_D_oro_Eurobeat_Remix.uasset" 230
"D:/ProyectosUE4/VJ3D/Content/Music/Il_Vento_D_oro_Eurobeat_Remix_Cue.uasset" 231
"D:/ProyectosUE4/VJ3D/Content/Music/SAINT_PEPSI_-_Cherry_Pepsi.uasset" 232
"D:/ProyectosUE4/VJ3D/Content/Music/SAINT_PEPSI_-_Cherry_Pepsi_Cue.uasset" 233
"D:/ProyectosUE4/VJ3D/Content/Blueprints/GM_RunnerGameMode.uasset" 234
"D:/ProyectosUE4/VJ3D/Content/Blueprints/HUD/W_Death.uasset" 235
"D:/ProyectosUE4/VJ3D/Content/SFX/Death.uasset" 236
"D:/ProyectosUE4/VJ3D/Content/SFX/Death_Cue.uasset" 237
"D:/ProyectosUE4/VJ3D/Content/StarterContent/Textures/T_Burst_M.uasset" 238
"D:/ProyectosUE4/VJ3D/Content/StarterContent/Particles/Materials/M_Burst.uasset" 239
"D:/ProyectosUE4/VJ3D/Content/StarterContent/Textures/T_Explosion_SubUV.uasset" 240
"D:/ProyectosUE4/VJ3D/Content/StarterContent/Particles/Materials/M_explosion_subUV.uasset" 241
"D:/ProyectosUE4/VJ3D/Content/StarterContent/Particles/Materials/m_flare_01.uasset" 242
"../../../Engine/Content/Functions/Engine_MaterialFunctions01/Gradient/RadialGradient.uasset" 243
"D:/ProyectosUE4/VJ3D/Content/StarterContent/Particles/Materials/M_radial_ramp.uasset" 244
"D:/ProyectosUE4/VJ3D/Content/StarterContent/Textures/T_Smoke_SubUV.uasset" 245
"D:/ProyectosUE4/VJ3D/Content/StarterContent/Textures/T_Smoke_Tiled_D.uasset" 246
"D:/ProyectosUE4/VJ3D/Content/StarterContent/Particles/Materials/M_smoke_subUV.uasset" 247
"D:/ProyectosUE4/VJ3D/Content/StarterContent/Particles/P_Explosion.uasset" 248
"D:/ProyectosUE4/VJ3D/Content/StarterContent/Materials/M_Basic_Wall.uasset" 249
"D:/ProyectosUE4/VJ3D/Content/StarterContent/Shapes/Shape_Sphere.uasset" 250
"D:/ProyectosUE4/VJ3D/Content/Blueprints/Player/PlayerBallCharacter.uasset" 251
"D:/ProyectosUE4/VJ3D/Content/Assets/Textures/VOX/Booster_TX.uasset" 252
"D:/ProyectosUE4/VJ3D/Content/Assets/Materials/VOX/Booster_MT.uasset" 253
"D:/ProyectosUE4/VJ3D/Content/Assets/Meshes/SM_Booster.uasset" 254
"D:/ProyectosUE4/VJ3D/Content/Assets/Materials/M_BoosterArrows.uasset" 255
"D:/ProyectosUE4/VJ3D/Content/Assets/Materials/MI_BoosterArrows.uasset" 256
"D:/ProyectosUE4/VJ3D/Content/Assets/Meshes/SM_Booster_Arrows.uasset" 257
"D:/ProyectosUE4/VJ3D/Content/Assets/Particles/P_Booster.uasset" 258
"D:/ProyectosUE4/VJ3D/Content/SFX/Booster.uasset" 259
"D:/ProyectosUE4/VJ3D/Content/SFX/Booster_Cue.uasset" 260
"D:/ProyectosUE4/VJ3D/Content/Blueprints/LevelActors/B_Booster.uasset" 261
"D:/ProyectosUE4/VJ3D/Content/Assets/Textures/VOX/Bouncer_TX.uasset" 262
"D:/ProyectosUE4/VJ3D/Content/Assets/Materials/VOX/Bouncer_MT.uasset" 263
"D:/ProyectosUE4/VJ3D/Content/Assets/Meshes/SM_Bouncer.uasset" 264
"D:/ProyectosUE4/VJ3D/Content/SFX/Bouncer.uasset" 265
"D:/ProyectosUE4/VJ3D/Content/SFX/Bouncer_Cue.uasset" 266
"D:/ProyectosUE4/VJ3D/Content/Blueprints/LevelActors/B_Bouncer.uasset" 267
"D:/ProyectosUE4/VJ3D/Content/Blueprints/LevelActors/B_DeathLimit.uasset" 268
"D:/ProyectosUE4/VJ3D/Content/SuperGrid/StarterPack/Source/Textures/T_Distortion_N.uasset" 269
"D:/ProyectosUE4/VJ3D/Content/SuperGrid/TutorialLevel/Utility/Materials/M_Utility_Refract.uasset" 270
"../../../Engine/Content/Functions/Engine_MaterialFunctions02/Utility/Sign.uasset" 271
"../../../Engine/Content/Functions/Engine_MaterialFunctions02/Utility/Round.uasset" 272
"../../../Engine/Content/Functions/Engine_MaterialFunctions02/Utility/Sine_Remapped.uasset" 273
"../../../Engine/Content/Functions/Engine_MaterialFunctions02/Utility/VectorLength.uasset" 274
"../../../Engine/Content/Functions/Engine_MaterialFunctions02/WorldPositionOffset/ObjectScale.uasset" 275
"D:/ProyectosUE4/VJ3D/Content/SuperGrid/StarterPack/Source/Textures/T_BasicGrid_M.uasset" 276
"D:/ProyectosUE4/VJ3D/Content/SuperGrid/StarterPack/Materials/Functions/Texture/Tex_SimpleGrid.uasset" 277
"D:/ProyectosUE4/VJ3D/Content/SuperGrid/StarterPack/Materials/Functions/UV/UV_CustomPanner.uasset" 278
"D:/ProyectosUE4/VJ3D/Content/SuperGrid/StarterPack/Materials/Functions/UV/UV_ObjectScalable.uasset" 279
"D:/ProyectosUE4/VJ3D/Content/SuperGrid/StarterPack/Materials/Functions/UV/UV_SetupGrid.uasset" 280
"D:/ProyectosUE4/VJ3D/Content/SuperGrid/StarterPack/Materials/Base/M_SuperGrid_Holographic.uasset" 281
"D:/ProyectosUE4/VJ3D/Content/SuperGrid/StarterPack/Source/Textures/T_DotGrid_M.uasset" 282
"D:/ProyectosUE4/VJ3D/Content/SuperGrid/TutorialLevel/MaterialInstances/M_Tut_HoloA.uasset" 283
"D:/ProyectosUE4/VJ3D/Content/SuperGrid/TutorialLevel/MaterialInstances/M_Tut_HoloB.uasset" 284
"D:/ProyectosUE4/VJ3D/Content/SuperGrid/TutorialLevel/MaterialInstances/M_Tut_HoloC.uasset" 285
"D:/ProyectosUE4/VJ3D/Content/SuperGrid/TutorialLevel/Utility/Materials/M_LightCone.uasset" 286
"D:/ProyectosUE4/VJ3D/Content/SuperGrid/TutorialLevel/Utility/Materials/M_LightCone_Red.uasset" 287
"D:/ProyectosUE4/VJ3D/Content/SuperGrid/TutorialLevel/SoundEffects/Attenuation_Orb.uasset" 288
"D:/ProyectosUE4/VJ3D/Content/SuperGrid/TutorialLevel/SoundEffects/Cinematic_deep_tremor.uasset" 289
"D:/ProyectosUE4/VJ3D/Content/SuperGrid/StarterPack/Materials/Functions/Basic/BreakSet.uasset" 290
"D:/ProyectosUE4/VJ3D/Content/SuperGrid/StarterPack/Materials/Functions/Basic/MakeSet.uasset" 291
"D:/ProyectosUE4/VJ3D/Content/SuperGrid/StarterPack/Materials/Functions/Basic/Roughness.uasset" 292
"D:/ProyectosUE4/VJ3D/Content/SuperGrid/StarterPack/Materials/Functions/Texture/Dye_SingleColor.uasset" 293
"D:/ProyectosUE4/VJ3D/Content/SuperGrid/StarterPack/Source/Textures/T_BasicGrid_N.uasset" 294
"D:/ProyectosUE4/VJ3D/Content/SuperGrid/StarterPack/Materials/Base/M_SuperGrid_SingleColor.uasset" 295
"D:/ProyectosUE4/VJ3D/Content/SuperGrid/TutorialLevel/MaterialInstances/M_Tut_Default.uasset" 296
"D:/ProyectosUE4/VJ3D/Content/SuperGrid/TutorialLevel/Utility/Meshes/Utility_CylinderTop.uasset" 297
"D:/ProyectosUE4/VJ3D/Content/SuperGrid/TutorialLevel/Utility/Materials/M_Utility_Light.uasset" 298
"D:/ProyectosUE4/VJ3D/Content/SuperGrid/TutorialLevel/MaterialInstances/M_Tut_LightC.uasset" 299
"D:/ProyectosUE4/VJ3D/Content/SuperGrid/TutorialLevel/Utility/Meshes/Utility_SmallRing.uasset" 300
"D:/ProyectosUE4/VJ3D/Content/SuperGrid/TutorialLevel/Blueprints/LevelElements/BP_FloatingSphere.uasset" 301
"D:/ProyectosUE4/VJ3D/Content/Blueprints/LevelActors/B_EndSphere.uasset" 302
"../../../Engine/Content/Functions/Engine_MaterialFunctions03/Procedurals/GeneratedOffsetBands.uasset" 303
"D:/ProyectosUE4/VJ3D/Content/Assets/Materials/M_Crystal.uasset" 304
"D:/ProyectosUE4/VJ3D/Content/Assets/Materials/M_Crystal_Inst.uasset" 305
"D:/ProyectosUE4/VJ3D/Content/Assets/Materials/M_TronCube.uasset" 306
"D:/ProyectosUE4/VJ3D/Content/Assets/Materials/MI_Cube1.uasset" 307
"D:/ProyectosUE4/VJ3D/Content/Assets/Meshes/SM_Ground.uasset" 308
"D:/ProyectosUE4/VJ3D/Content/Assets/Meshes/SM_Ground_DM.uasset" 309
"D:/ProyectosUE4/VJ3D/Content/Music/Crack.uasset" 310
"D:/ProyectosUE4/VJ3D/Content/Blueprints/LevelActors/B_GlassFloor.uasset" 311
"D:/ProyectosUE4/VJ3D/Content/Assets/Textures/VOX/Wall_TX.uasset" 312
"D:/ProyectosUE4/VJ3D/Content/Assets/Materials/VOX/Wall_MT.uasset" 313
"D:/ProyectosUE4/VJ3D/Content/Assets/Meshes/SM_Wall.uasset" 314
"D:/ProyectosUE4/VJ3D/Content/Blueprints/LevelActors/B_RotatingWall.uasset" 315
"D:/ProyectosUE4/VJ3D/Content/Assets/Textures/VOX/Spear_TX.uasset" 316
"D:/ProyectosUE4/VJ3D/Content/Assets/Materials/VOX/Spear_MT.uasset" 317
"D:/ProyectosUE4/VJ3D/Content/Assets/Meshes/SM_Spear.uasset" 318
"D:/ProyectosUE4/VJ3D/Content/Assets/Textures/VOX/Spear_body_TX.uasset" 319
"D:/ProyectosUE4/VJ3D/Content/Assets/Materials/VOX/Spear_body_MT.uasset" 320
"D:/ProyectosUE4/VJ3D/Content/Assets/Meshes/SM_Spear_Body.uasset" 321
"D:/ProyectosUE4/VJ3D/Content/Blueprints/LevelActors/B_Spear.uasset" 322
"D:/ProyectosUE4/VJ3D/Content/Blueprints/LevelActors/B_Wall.uasset" 323
"D:/ProyectosUE4/VJ3D/Content/Levels/Level1_BuiltData.uasset" 324
"D:/ProyectosUE4/VJ3D/Content/Levels/Level1.umap" 325
"D:/ProyectosUE4/VJ3D/Content/Assets/Textures/VOX/Cannon_TX.uasset" 326
"D:/ProyectosUE4/VJ3D/Content/Assets/Materials/VOX/Cannon_MT.uasset" 327
"D:/ProyectosUE4/VJ3D/Content/Assets/Meshes/SM_Cannon.uasset" 328
"D:/ProyectosUE4/VJ3D/Content/Assets/Textures/VOX/Bullet_TX.uasset" 329
"D:/ProyectosUE4/VJ3D/Content/Assets/Materials/VOX/Bullet_MT.uasset" 330
"D:/ProyectosUE4/VJ3D/Content/Assets/Meshes/SM_Cannon_Bullet.uasset" 331
"D:/ProyectosUE4/VJ3D/Content/SFX/Shoot.uasset" 332
"D:/ProyectosUE4/VJ3D/Content/SFX/Shoot_Cue.uasset" 333
"D:/ProyectosUE4/VJ3D/Content/StarterContent/Textures/T_Fire_SubUV.uasset" 334
"D:/ProyectosUE4/VJ3D/Content/StarterContent/Textures/T_Fire_Tiled_D.uasset" 335
"D:/ProyectosUE4/VJ3D/Content/StarterContent/Particles/Materials/M_Fire_SubUV.uasset" 336
"D:/ProyectosUE4/VJ3D/Content/StarterContent/Textures/T_Water_N.uasset" 337
"D:/ProyectosUE4/VJ3D/Content/StarterContent/Particles/Materials/M_Heat_Distortion.uasset" 338
"D:/ProyectosUE4/VJ3D/Content/StarterContent/Particles/Materials/M_Radial_Gradient.uasset" 339
"D:/ProyectosUE4/VJ3D/Content/StarterContent/Particles/P_Fire.uasset" 340
"D:/ProyectosUE4/VJ3D/Content/Blueprints/LevelActors/B_Cannon.uasset" 341
"D:/ProyectosUE4/VJ3D/Content/Levels/Level2_BuiltData.uasset" 342
"D:/ProyectosUE4/VJ3D/Content/Assets/Textures/VOX/Bouncer_TX2.uasset" 343
"D:/ProyectosUE4/VJ3D/Content/Assets/Materials/VOX/Bouncer_MT1_Level2.uasset" 344
"D:/ProyectosUE4/VJ3D/Content/Assets/Materials/MI_Cube2.uasset" 345
"D:/ProyectosUE4/VJ3D/Content/Assets/Materials/MI_Bouncer.uasset" 346
"D:/ProyectosUE4/VJ3D/Content/Assets/Materials/MI_Wall2.uasset" 347
"D:/ProyectosUE4/VJ3D/Content/Levels/Level2.umap" 348
"D:/ProyectosUE4/VJ3D/Content/Assets/Materials/MI_BoosterInverseArrows.uasset" 349
"D:/ProyectosUE4/VJ3D/Content/Assets/Particles/P_BoosterDown.uasset" 350
"D:/ProyectosUE4/VJ3D/Content/Music/Decelerate.uasset" 351
"D:/ProyectosUE4/VJ3D/Content/Blueprints/LevelActors/B_BoosterDown.uasset" 352
"D:/ProyectosUE4/VJ3D/Content/Assets/Textures/VOX/Gate_TX.uasset" 353
"D:/ProyectosUE4/VJ3D/Content/Assets/Materials/VOX/Gate_MT.uasset" 354
"D:/ProyectosUE4/VJ3D/Content/Assets/Meshes/SM_Gate.uasset" 355
"D:/ProyectosUE4/VJ3D/Content/Blueprints/LevelActors/B_Gate.uasset" 356
"D:/ProyectosUE4/VJ3D/Content/Levels/Level3_BuiltData.uasset" 357
"D:/ProyectosUE4/VJ3D/Content/Assets/Textures/VOX/Bouncer_TX3.uasset" 358
"D:/ProyectosUE4/VJ3D/Content/Assets/Materials/VOX/Bouncer_MT1_Level3.uasset" 359
"D:/ProyectosUE4/VJ3D/Content/Assets/Materials/MI_Cube3.uasset" 360
"D:/ProyectosUE4/VJ3D/Content/Assets/Materials/MI_Wall3.uasset" 361
"D:/ProyectosUE4/VJ3D/Content/Levels/Level3.umap" 362
"D:/ProyectosUE4/VJ3D/Content/Movies/hexagon.uasset" 363
"D:/ProyectosUE4/VJ3D/Content/Fonts/KH_MENU.uasset" 364
"D:/ProyectosUE4/VJ3D/Content/Fonts/KH_MENU_Font.uasset" 365
"D:/ProyectosUE4/VJ3D/Content/Fonts/KH_MINIGAME.uasset" 366
"D:/ProyectosUE4/VJ3D/Content/Fonts/KH_MINIGAME_Font.uasset" 367
"D:/ProyectosUE4/VJ3D/Content/Movies/MenuMediaPlayer.uasset" 368
"D:/ProyectosUE4/VJ3D/Content/Movies/MenuMediaPlayer_Video.uasset" 369
"D:/ProyectosUE4/VJ3D/Content/Assets/Textures/T_FIBLogo.uasset" 370
"D:/ProyectosUE4/VJ3D/Content/Assets/Textures/T_Logo.uasset" 371
"D:/ProyectosUE4/VJ3D/Content/Assets/Textures/T_UE4Logo.uasset" 372
"D:/ProyectosUE4/VJ3D/Content/Assets/Textures/Thumbnails/T_BloodyStreamThumbnail.uasset" 373
"D:/ProyectosUE4/VJ3D/Content/Assets/Textures/Thumbnails/T_CherryPepsiThumbnail.uasset" 374
"D:/ProyectosUE4/VJ3D/Content/Assets/Textures/Thumbnails/T_IlVentoDOroThumbnail.uasset" 375
"D:/ProyectosUE4/VJ3D/Content/SFX/Select.uasset" 376
"D:/ProyectosUE4/VJ3D/Content/SFX/Select_Cue.uasset" 377
"D:/ProyectosUE4/VJ3D/Content/Blueprints/MainMenu/W_MainMenuLevelSelection.uasset" 378
"D:/ProyectosUE4/VJ3D/Content/Blueprints/MainMenu/W_MainMenu.uasset" 379
"D:/ProyectosUE4/VJ3D/Content/Blueprints/MainMenu/MainMenuController.uasset" 380
"D:/ProyectosUE4/VJ3D/Content/Blueprints/MainMenu/MainMenuGameMode.uasset" 381
"D:/ProyectosUE4/VJ3D/Content/Music/Kishinjou_set_05_-_Main_Menu_Screen.uasset" 382
"D:/ProyectosUE4/VJ3D/Content/Music/Kishinjou_set_05_-_Main_Menu_Screen_Cue.uasset" 383
"D:/ProyectosUE4/VJ3D/Content/Levels/MainMenu.umap" 384
"../../../Engine/Content/Maps/Entry_BuiltData.uasset" 385
"../../../Engine/Content/Maps/Entry.umap" 386
